\BOOKMARK [0][-]{chapter*.1}{\376\377\000R\000\351\000s\000u\000m\000\351}{}% 1
\BOOKMARK [0][-]{chapter*.2}{\376\377\000A\000b\000s\000t\000r\000a\000c\000t}{}% 2
\BOOKMARK [0][-]{chapter*.3}{\376\377\000R\000e\000m\000e\000r\000c\000i\000e\000m\000e\000n\000t\000s}{}% 3
\BOOKMARK [0][-]{chapter*.5}{\376\377\000L\000i\000s\000t\000e\000\040\000d\000e\000s\000\040\000f\000i\000g\000u\000r\000e\000s}{}% 4
\BOOKMARK [0][-]{chapter*.6}{\376\377\000L\000i\000s\000t\000e\000\040\000d\000e\000s\000\040\000t\000a\000b\000l\000e\000a\000u\000x}{}% 5
\BOOKMARK [0][-]{chapter*.7}{\376\377\000L\000i\000s\000t\000e\000\040\000d\000e\000s\000\040\000a\000b\000r\000\351\000v\000i\000a\000t\000i\000o\000n\000s}{}% 6
\BOOKMARK [0][-]{chapter*.8}{\376\377\000P\000r\000e\000a\000m\000b\000l\000e}{}% 7
\BOOKMARK [1][-]{section.0.1}{\376\377\000M\000y\000\040\000b\000a\000c\000k\000g\000r\000o\000u\000n\000d\000\040\000f\000o\000r\000\040\000t\000h\000i\000s\000\040\000t\000h\000e\000s\000i\000s}{chapter*.8}% 8
\BOOKMARK [1][-]{section.0.2}{\376\377\000I\000n\000t\000r\000o\000d\000u\000c\000t\000i\000o\000n}{chapter*.8}% 9
\BOOKMARK [2][-]{subsection.0.2.1}{\376\377\000T\000h\000e\000\040\000p\000r\000o\000m\000i\000s\000e\000s\000\040\000o\000f\000\040\000c\000e\000l\000l\000u\000l\000a\000r\000\040\000b\000i\000o\000l\000o\000g\000y}{section.0.2}% 10
\BOOKMARK [2][-]{subsection.0.2.2}{\376\377\000G\000R\000N\000\040\000a\000n\000d\000\040\000t\000h\000e\000\040\000c\000e\000l\000l}{section.0.2}% 11
\BOOKMARK [2][-]{subsection.0.2.3}{\376\377\000S\000i\000n\000g\000l\000e\000-\000c\000e\000l\000l\000\040\000g\000e\000n\000o\000m\000i\000c\000s}{section.0.2}% 12
\BOOKMARK [2][-]{subsection.0.2.4}{\376\377\000C\000u\000r\000r\000e\000n\000t\000\040\000s\000i\000n\000g\000l\000e\000\040\000c\000e\000l\000l\000\040\000t\000a\000s\000k\000s}{section.0.2}% 13
\BOOKMARK [2][-]{subsection.0.2.5}{\376\377\000A\000I\000V\000C\000:\000\040\000t\000h\000e\000\040\000v\000i\000r\000t\000u\000a\000l\000\040\000c\000e\000l\000l\000\040\000m\000o\000d\000e\000l}{section.0.2}% 14
\BOOKMARK [2][-]{subsection.0.2.6}{\376\377\000A\000I\000\040\000a\000n\000d\000\040\000n\000e\000u\000r\000a\000l\000\040\000n\000e\000t\000w\000o\000r\000k\000s}{section.0.2}% 15
\BOOKMARK [2][-]{subsection.0.2.7}{\376\377\000O\000p\000t\000i\000m\000i\000z\000a\000t\000i\000o\000n\000\040\000a\000n\000d\000\040\000l\000o\000s\000s\000\040\000l\000a\000n\000d\000s\000c\000a\000p\000e\000s}{section.0.2}% 16
\BOOKMARK [2][-]{subsection.0.2.8}{\376\377\000L\000L\000M\000s\000\040\000\046\000\040\000B\000i\000o\000-\000F\000o\000u\000n\000d\000a\000t\000i\000o\000n\000\040\000m\000o\000d\000e\000l\000s}{section.0.2}% 17
\BOOKMARK [2][-]{subsection.0.2.9}{\376\377\000C\000u\000r\000r\000e\000n\000t\000\040\000s\000i\000n\000g\000l\000e\000\040\000c\000e\000l\000l\000\040\000f\000o\000u\000n\000d\000a\000t\000i\000o\000n\000\040\000m\000o\000d\000e\000l\000s}{section.0.2}% 18
\BOOKMARK [0][-]{chapter*.9}{\376\377\000T\000h\000e\000s\000i\000s\000\040\000O\000b\000j\000e\000c\000t\000i\000v\000e\000s}{}% 19
\BOOKMARK [1][-]{subsection.0.2.10}{\376\377\000P\000e\000r\000s\000o\000n\000a\000l\000\040\000O\000b\000j\000e\000c\000t\000i\000v\000e\000s\000\040\000d\000u\000r\000i\000n\000g\000\040\000t\000h\000e\000\040\000t\000h\000e\000s\000i\000s}{chapter*.9}% 20
\BOOKMARK [2][-]{subsection.0.2.11}{\376\377\000I\000n\000i\000t\000i\000a\000l\000\040\000P\000h\000.\000D\000.\000\040\000o\000b\000j\000e\000c\000t\000i\000v\000e\000s}{subsection.0.2.10}% 21
\BOOKMARK [2][-]{subsection.0.2.12}{\376\377\000R\000e\000v\000i\000s\000e\000d\000\040\000o\000b\000j\000e\000c\000t\000i\000v\000e\000s}{subsection.0.2.10}% 22
\BOOKMARK [1][-]{section.0.3}{\376\377\000C\000h\000a\000p\000t\000e\000r\000s\000\040\000o\000v\000e\000r\000v\000i\000e\000w\000\040\000\046\000\040\000m\000a\000i\000n\000\040\000c\000o\000n\000t\000r\000i\000b\000u\000t\000i\000o\000n\000s}{chapter*.9}% 23
\BOOKMARK [2][-]{subsection.0.3.1}{\376\377\000O\000t\000h\000e\000r\000\040\000c\000o\000n\000t\000r\000i\000b\000u\000t\000i\000o\000n\000s}{section.0.3}% 24
\BOOKMARK [0][-]{chapter.1}{\376\377\000s\000c\000P\000R\000I\000N\000T\000:\000\040\000p\000r\000e\000-\000t\000r\000a\000i\000n\000i\000n\000g\000\040\000o\000n\000\040\0005\0000\000\040\000m\000i\000l\000l\000i\000o\000n\000\040\000c\000e\000l\000l\000s\000\040\000a\000l\000l\000o\000w\000s\000\040\000r\000o\000b\000u\000s\000t\000\040\000g\000e\000n\000e\000\040\000n\000e\000t\000w\000o\000r\000k\000\040\000p\000r\000e\000d\000i\000c\000t\000i\000o\000n\000s}{}% 25
\BOOKMARK [1][-]{section.1.1}{\376\377\000S\000u\000m\000m\000a\000r\000y}{chapter.1}% 26
\BOOKMARK [1][-]{section.1.2}{\376\377\000I\000n\000t\000r\000o\000d\000u\000c\000t\000i\000o\000n}{chapter.1}% 27
\BOOKMARK [1][-]{section.1.3}{\376\377\000R\000e\000s\000u\000l\000t\000s}{chapter.1}% 28
\BOOKMARK [2][-]{subsection.1.3.1}{\376\377\000s\000c\000P\000R\000I\000N\000T\000:\000\040\000a\000\040\000s\000c\000R\000N\000A\000s\000e\000q\000\040\000f\000o\000u\000n\000d\000a\000t\000i\000o\000n\000\040\000m\000o\000d\000e\000l\000\040\000f\000o\000r\000\040\000g\000e\000n\000e\000\040\000n\000e\000t\000w\000o\000r\000k\000\040\000i\000n\000f\000e\000r\000e\000n\000c\000e}{section.1.3}% 29
\BOOKMARK [2][-]{subsection.1.3.2}{\376\377\000s\000c\000P\000R\000I\000N\000T\000\040\000r\000e\000c\000o\000v\000e\000r\000s\000\040\000b\000i\000o\000l\000o\000g\000i\000c\000a\000l\000\040\000f\000e\000a\000t\000u\000r\000e\000s\000\040\000i\000n\000\040\000i\000t\000s\000\040\000g\000e\000n\000e\000\040\000n\000e\000t\000w\000o\000r\000k\000s}{section.1.3}% 30
\BOOKMARK [2][-]{subsection.1.3.3}{\376\377\000s\000c\000P\000R\000I\000N\000T\000\040\000o\000u\000t\000p\000e\000r\000f\000o\000r\000m\000s\000\040\000t\000h\000e\000\040\000s\000t\000a\000t\000e\000\040\000o\000f\000\040\000t\000h\000e\000\040\000a\000r\000t\000\040\000o\000n\000\040\000c\000e\000l\000l\000\040\000t\000y\000p\000e\000-\000s\000p\000e\000c\000i\000f\000i\000c\000\040\000g\000r\000o\000u\000n\000d\000\040\000t\000r\000u\000t\000h\000s}{section.1.3}% 31
\BOOKMARK [2][-]{subsection.1.3.4}{\376\377\000s\000c\000P\000R\000I\000N\000T\000\040\000i\000s\000\040\000c\000o\000m\000p\000e\000t\000i\000t\000i\000v\000e\000\040\000o\000n\000\040\000t\000a\000s\000k\000s\000\040\000o\000r\000t\000h\000o\000g\000o\000n\000a\000l\000\040\000t\000o\000\040\000G\000N\000\040\000i\000n\000f\000e\000r\000e\000n\000c\000e}{section.1.3}% 32
\BOOKMARK [2][-]{subsection.1.3.5}{\376\377\000s\000c\000P\000R\000I\000N\000T\000\040\000h\000i\000g\000h\000l\000i\000g\000h\000t\000s\000\040\000t\000h\000e\000\040\000r\000o\000l\000e\000\040\000o\000f\000\040\000i\000o\000n\000\040\000e\000x\000c\000h\000a\000n\000g\000e\000\040\000a\000n\000d\000\040\000f\000i\000b\000r\000o\000s\000i\000s\000\040\000i\000n\000\040\000t\000h\000e\000\040\000E\000C\000M\000\040\000o\000f\000\040\000B\000e\000n\000i\000g\000n\000\040\000P\000r\000o\000s\000t\000a\000t\000i\000c\000\040\000H\000y\000p\000e\000r\000p\000l\000a\000s\000i\000a}{section.1.3}% 33
\BOOKMARK [1][-]{section.1.4}{\376\377\000D\000i\000s\000c\000u\000s\000s\000i\000o\000n}{chapter.1}% 34
\BOOKMARK [1][-]{section.1.5}{\376\377\000M\000e\000t\000h\000o\000d\000s}{chapter.1}% 35
\BOOKMARK [2][-]{subsection.1.5.1}{\376\377\000A\000r\000c\000h\000i\000t\000e\000c\000t\000u\000r\000e}{section.1.5}% 36
\BOOKMARK [2][-]{subsection.1.5.2}{\376\377\000A\000b\000l\000a\000t\000i\000o\000n\000\040\000s\000t\000u\000d\000y}{section.1.5}% 37
\BOOKMARK [2][-]{subsection.1.5.3}{\376\377\000P\000r\000e\000t\000r\000a\000i\000n\000i\000n\000g}{section.1.5}% 38
\BOOKMARK [2][-]{subsection.1.5.4}{\376\377\000s\000c\000D\000a\000t\000a\000l\000o\000a\000d\000e\000r}{section.1.5}% 39
\BOOKMARK [2][-]{subsection.1.5.5}{\376\377\000E\000x\000t\000r\000a\000c\000t\000i\000n\000g\000\040\000m\000e\000t\000a\000-\000c\000e\000l\000l\000\040\000g\000e\000n\000e\000\040\000n\000e\000t\000w\000o\000r\000k\000s\000\040\000f\000r\000o\000m\000\040\000a\000t\000t\000e\000n\000t\000i\000o\000n\000\040\000m\000a\000t\000r\000i\000c\000e\000s\000\040\000i\000n\000\040\000s\000c\000P\000R\000I\000N\000T}{section.1.5}% 40
\BOOKMARK [2][-]{subsection.1.5.6}{\376\377\000H\000e\000a\000d\000s\000\040\000s\000e\000l\000e\000c\000t\000i\000o\000n}{section.1.5}% 41
\BOOKMARK [2][-]{subsection.1.5.7}{\376\377\000N\000o\000r\000m\000a\000l\000i\000z\000a\000t\000i\000o\000n\000\040\000a\000n\000d\000\040\000n\000e\000t\000w\000o\000r\000k\000\040\000i\000n\000t\000e\000r\000p\000r\000e\000t\000a\000t\000i\000o\000n\000\040}{section.1.5}% 42
\BOOKMARK [2][-]{subsection.1.5.8}{\376\377\000S\000i\000m\000u\000l\000a\000t\000e\000d\000\040\000d\000a\000t\000a\000s\000e\000t\000s\000,\000\040\000B\000o\000o\000l\000O\000D\000E\000\040\000a\000n\000d\000\040\000S\000e\000r\000g\000i\000o}{section.1.5}% 43
\BOOKMARK [2][-]{subsection.1.5.9}{\376\377\000B\000e\000n\000G\000R\000N\000\040\000a\000n\000d\000\040\000g\000e\000n\000e\000\040\000n\000e\000t\000w\000o\000r\000k\000\040\000m\000e\000t\000r\000i\000c\000s}{section.1.5}% 44
\BOOKMARK [2][-]{subsection.1.5.10}{\376\377\000O\000t\000h\000e\000r\000\040\000e\000v\000a\000l\000u\000a\000t\000i\000o\000n\000\040\000m\000e\000t\000r\000i\000c\000s}{section.1.5}% 45
\BOOKMARK [2][-]{subsection.1.5.11}{\376\377\000D\000e\000n\000o\000i\000s\000i\000n\000g\000\040\000B\000e\000n\000c\000h\000m\000a\000r\000k\000s}{section.1.5}% 46
\BOOKMARK [2][-]{subsection.1.5.12}{\376\377\000F\000i\000n\000e\000-\000t\000u\000n\000i\000n\000g}{section.1.5}% 47
\BOOKMARK [2][-]{subsection.1.5.13}{\376\377\000S\000t\000a\000t\000e\000-\000o\000f\000-\000t\000h\000e\000-\000a\000r\000t\000\040\000m\000e\000t\000h\000o\000d\000s\000\040\000u\000s\000e\000d\000\040\000i\000n\000\040\000b\000e\000n\000c\000h\000m\000a\000r\000k\000i\000n\000g}{section.1.5}% 48
\BOOKMARK [2][-]{subsection.1.5.14}{\376\377\000G\000r\000o\000u\000n\000d\000\040\000t\000r\000u\000t\000h\000\040\000p\000r\000e\000p\000a\000r\000a\000t\000i\000o\000n}{section.1.5}% 49
\BOOKMARK [2][-]{subsection.1.5.15}{\376\377\000D\000e\000t\000a\000i\000l\000s\000\040\000o\000n\000\040\000t\000h\000e\000\040\000B\000e\000n\000i\000g\000n\000\040\000P\000r\000o\000s\000t\000a\000t\000i\000c\000\040\000H\000y\000p\000e\000r\000p\000l\000a\000s\000i\000a\000\040\000a\000n\000a\000l\000y\000s\000i\000s\000\040}{section.1.5}% 50
\BOOKMARK [2][-]{subsection.1.5.16}{\376\377\000N\000e\000g\000a\000t\000i\000v\000e\000\040\000B\000i\000n\000o\000m\000i\000a\000l\000\040\000t\000o\000\040\000P\000o\000i\000s\000s\000o\000n\000\040\000r\000e\000l\000a\000t\000i\000o\000n\000s\000h\000i\000p}{section.1.5}% 51
\BOOKMARK [2][-]{subsection.1.5.17}{\376\377\000D\000a\000t\000a\000\040\000a\000v\000a\000i\000l\000a\000b\000i\000l\000i\000t\000y}{section.1.5}% 52
\BOOKMARK [2][-]{subsection.1.5.18}{\376\377\000C\000o\000d\000e\000\040\000a\000v\000a\000i\000l\000a\000b\000i\000l\000i\000t\000y}{section.1.5}% 53
\BOOKMARK [0][-]{chapter.2}{\376\377\000X\000p\000r\000e\000s\000s\000o\000r\000:\000\040\000T\000o\000w\000a\000r\000d\000s\000\040\000f\000o\000u\000n\000d\000a\000t\000i\000o\000n\000\040\000m\000o\000d\000e\000l\000s\000\040\000t\000h\000a\000t\000\040\000l\000e\000a\000r\000n\000\040\000a\000c\000r\000o\000s\000s\000\040\000b\000i\000o\000l\000o\000g\000i\000c\000a\000l\000\040\000s\000c\000a\000l\000e\000s}{}% 54
\BOOKMARK [1][-]{section.2.1}{\376\377\000S\000u\000m\000m\000a\000r\000y}{chapter.2}% 55
\BOOKMARK [1][-]{section.2.2}{\376\377\000I\000n\000t\000r\000o\000d\000u\000c\000t\000i\000o\000n}{chapter.2}% 56
\BOOKMARK [2][-]{subsection.2.2.1}{\376\377\000F\000o\000u\000n\000d\000a\000t\000i\000o\000n\000\040\000m\000o\000d\000e\000l\000s\000\040\000a\000c\000r\000o\000s\000s\000\040\000s\000c\000a\000l\000e\000s}{section.2.2}% 57
\BOOKMARK [2][-]{subsection.2.2.2}{\376\377\000A\000r\000c\000h\000i\000t\000e\000c\000t\000u\000r\000a\000l\000\040\000m\000o\000d\000i\000f\000i\000c\000a\000t\000i\000o\000n\000s\000:\000\040\000c\000o\000m\000p\000r\000e\000s\000s\000e\000d\000\040\000r\000e\000p\000r\000e\000s\000e\000n\000t\000a\000t\000i\000o\000n\000s}{section.2.2}% 58
\BOOKMARK [2][-]{subsection.2.2.3}{\376\377\000T\000r\000a\000i\000n\000i\000n\000g\000\040\000m\000o\000d\000i\000f\000i\000c\000a\000t\000i\000o\000n\000s\000:\000\040\000f\000i\000n\000e\000-\000t\000u\000n\000i\000n\000g}{section.2.2}% 59
\BOOKMARK [2][-]{subsection.2.2.4}{\376\377\000C\000o\000n\000t\000r\000i\000b\000u\000t\000i\000o\000n\000s}{section.2.2}% 60
\BOOKMARK [1][-]{section.2.3}{\376\377\000X\000p\000r\000e\000s\000s\000o\000r}{chapter.2}% 61
\BOOKMARK [2][-]{subsection.2.3.1}{\376\377\000B\000a\000c\000k\000g\000r\000o\000u\000n\000d}{section.2.3}% 62
\BOOKMARK [2][-]{subsection.2.3.2}{\376\377\000A\000p\000p\000r\000o\000a\000c\000h}{section.2.3}% 63
\BOOKMARK [2][-]{subsection.2.3.3}{\376\377\000R\000e\000s\000u\000l\000t\000s}{section.2.3}% 64
\BOOKMARK [1][-]{section.2.4}{\376\377\000M\000u\000l\000t\000i\000-\000s\000c\000a\000l\000e\000\040\000F\000i\000n\000e\000-\000t\000u\000n\000i\000n\000g}{chapter.2}% 65
\BOOKMARK [2][-]{subsection.2.4.1}{\376\377\000B\000a\000c\000k\000g\000r\000o\000u\000n\000d}{section.2.4}% 66
\BOOKMARK [2][-]{subsection.2.4.2}{\376\377\000A\000p\000p\000r\000o\000a\000c\000h}{section.2.4}% 67
\BOOKMARK [2][-]{subsection.2.4.3}{\376\377\000R\000e\000s\000u\000l\000t\000s}{section.2.4}% 68
\BOOKMARK [2][-]{subsection.2.4.4}{\376\377\000p\000r\000o\000o\000f\000\040\000t\000h\000a\000t\000\040\000f\000i\000n\000e\000-\000t\000u\000n\000i\000n\000g\000\040\000E\000S\000M\0002\000\040\000w\000i\000t\000h\000\040\000a\000n\000\040\000a\000d\000a\000p\000t\000e\000r\000\040\000l\000a\000y\000e\000r\000\040\000i\000s\000\040\000a\000t\000\040\000l\000e\000a\000s\000t\000\040\000s\000u\000f\000f\000i\000c\000i\000e\000n\000t\000\040\000t\000o\000\040\000l\000e\000a\000r\000n\000\040\000t\000o\000\040\000a\000d\000d\000\040\000c\000o\000-\000e\000x\000p\000r\000e\000s\000s\000i\000o\000n\000\040\000i\000n\000f\000o\000r\000m\000a\000t\000i\000o\000n}{section.2.4}% 69
\BOOKMARK [2][-]{subsection.2.4.5}{\376\377\000a\000r\000g\000u\000m\000e\000n\000t\000\040\000a\000b\000o\000u\000t\000\040\000t\000h\000e\000\040\000T\000i\000s\000h\000b\000y\000\040\000e\000t\000\040\000a\000l\000.\000\040\000b\000o\000t\000t\000l\000e\000n\000e\000c\000k\000\040\000l\000e\000a\000r\000n\000i\000n\000g\000\040\000a\000p\000p\000r\000o\000a\000c\000h}{section.2.4}% 70
\BOOKMARK [2][-]{subsection.2.4.6}{\376\377\000F\000S\000Q\000\040\000a\000n\000d\000\040\000o\000t\000h\000e\000r\000\040\000c\000o\000n\000t\000r\000a\000s\000t\000i\000v\000e\000\040\000l\000o\000s\000s\000e\000s\000\040\000o\000n\000\040\000t\000h\000e\000\040\000c\000e\000l\000l\000\040\000e\000m\000b\000e\000d\000d\000i\000n\000g\000s}{section.2.4}% 71
\BOOKMARK [0][-]{chapter.3}{\376\377\000s\000c\000P\000R\000I\000N\000T\000-\0002}{}% 72
\BOOKMARK [0][-]{chapter.4}{\376\377\000D\000i\000s\000c\000u\000s\000s\000i\000o\000n\000\040\000a\000n\000d\000\040\000p\000e\000r\000s\000p\000e\000c\000t\000i\000v\000e\000s}{}% 73
\BOOKMARK [0][-]{chapter.4}{\376\377\000D\000i\000s\000c\000u\000s\000s\000i\000o\000n\000\040\000a\000n\000d\000\040\000p\000e\000r\000s\000p\000e\000c\000t\000i\000v\000e\000s}{}% 74
\BOOKMARK [1][-]{section.4.1}{\376\377\000c\000o\000l\000l\000e\000c\000t\000i\000n\000g\000\040\000d\000a\000t\000a\000\040\000i\000n\000\040\000t\000h\000e\000\040\000w\000i\000l\000d}{chapter.4}% 75
\BOOKMARK [1][-]{section.4.2}{\376\377\000m\000u\000l\000t\000i\000\040\000m\000o\000d\000a\000l\000i\000t\000y\000\040\000\046\000\040\000p\000e\000r\000t\000u\000r\000b\000a\000t\000i\000o\000n\000s}{chapter.4}% 76
\BOOKMARK [1][-]{section.4.3}{\376\377\000A\000I\000V\000C}{chapter.4}% 77
\BOOKMARK [0][-]{chapter.5}{\376\377\000C\000o\000n\000c\000l\000u\000s\000i\000o\000n}{}% 78
\BOOKMARK [0][-]{chapter*.21}{\376\377\000B\000i\000b\000l\000i\000o\000g\000r\000a\000p\000h\000y}{}% 79
